This is pdfTeX, Version 3.141592653-2.6-1.40.22 (TeX Live 2021/W32TeX) (preloaded format=pdflatex 2022.4.5)  27 JUN 2024 03:47
entering extended mode
 restricted \write18 enabled.
 %&-line parsing enabled.
**raport_m.tex
(./raport_m.tex
LaTeX2e <2020-10-01> patch level 4
L3 programming layer <2021-02-18>
(d:/Technologie/Latex/texlive/2021/texmf-dist/tex/latex/base/article.cls
Document Class: article 2020/04/10 v1.4m Standard LaTeX document class
(d:/Technologie/Latex/texlive/2021/texmf-dist/tex/latex/base/size10.clo
File: size10.clo 2020/04/10 v1.4m Standard LaTeX file (size option)
)
\c@part=\count179
\c@section=\count180
\c@subsection=\count181
\c@subsubsection=\count182
\c@paragraph=\count183
\c@subparagraph=\count184
\c@figure=\count185
\c@table=\count186
\abovecaptionskip=\skip47
\belowcaptionskip=\skip48
\bibindent=\dimen138
)
(d:/Technologie/Latex/texlive/2021/texmf-dist/tex/latex/graphics/graphicx.sty
Package: graphicx 2020/09/09 v1.2b Enhanced LaTeX Graphics (DPC,SPQR)

(d:/Technologie/Latex/texlive/2021/texmf-dist/tex/latex/graphics/keyval.sty
Package: keyval 2014/10/28 v1.15 key=value parser (DPC)
\KV@toks@=\toks15
)
(d:/Technologie/Latex/texlive/2021/texmf-dist/tex/latex/graphics/graphics.sty
Package: graphics 2020/08/30 v1.4c Standard LaTeX Graphics (DPC,SPQR)

(d:/Technologie/Latex/texlive/2021/texmf-dist/tex/latex/graphics/trig.sty
Package: trig 2016/01/03 v1.10 sin cos tan (DPC)
)
(d:/Technologie/Latex/texlive/2021/texmf-dist/tex/latex/graphics-cfg/graphics.c
fg
File: graphics.cfg 2016/06/04 v1.11 sample graphics configuration
)
Package graphics Info: Driver file: pdftex.def on input line 105.

(d:/Technologie/Latex/texlive/2021/texmf-dist/tex/latex/graphics-def/pdftex.def
File: pdftex.def 2020/10/05 v1.2a Graphics/color driver for pdftex
))
\Gin@req@height=\dimen139
\Gin@req@width=\dimen140
) (d:/Technologie/Latex/texlive/2021/texmf-dist/tex/latex/xcolor/xcolor.sty
Package: xcolor 2016/05/11 v2.12 LaTeX color extensions (UK)

(d:/Technologie/Latex/texlive/2021/texmf-dist/tex/latex/graphics-cfg/color.cfg
File: color.cfg 2016/01/02 v1.6 sample color configuration
)
Package xcolor Info: Driver file: pdftex.def on input line 225.
Package xcolor Info: Model `cmy' substituted by `cmy0' on input line 1348.
Package xcolor Info: Model `hsb' substituted by `rgb' on input line 1352.
Package xcolor Info: Model `RGB' extended on input line 1364.
Package xcolor Info: Model `HTML' substituted by `rgb' on input line 1366.
Package xcolor Info: Model `Hsb' substituted by `hsb' on input line 1367.
Package xcolor Info: Model `tHsb' substituted by `hsb' on input line 1368.
Package xcolor Info: Model `HSB' substituted by `hsb' on input line 1369.
Package xcolor Info: Model `Gray' substituted by `gray' on input line 1370.
Package xcolor Info: Model `wave' substituted by `hsb' on input line 1371.
) (d:/Technologie/Latex/texlive/2021/texmf-dist/tex/latex/framed/framed.sty
Package: framed 2011/10/22 v 0.96: framed or shaded text with page breaks
\OuterFrameSep=\skip49
\fb@frw=\dimen141
\fb@frh=\dimen142
\FrameRule=\dimen143
\FrameSep=\dimen144
)
(d:/Technologie/Latex/texlive/2021/texmf-dist/tex/latex/base/alltt.sty
Package: alltt 1997/06/16 v2.0g defines alltt environment
)
(d:/Technologie/Latex/texlive/2021/texmf-dist/tex/latex/base/inputenc.sty
Package: inputenc 2020/08/01 v1.3d Input encoding file
\inpenc@prehook=\toks16
\inpenc@posthook=\toks17
)
(d:/Technologie/Latex/texlive/2021/texmf-dist/tex/latex/amsfonts/amsfonts.sty
Package: amsfonts 2013/01/14 v3.01 Basic AMSFonts support
\@emptytoks=\toks18
\symAMSa=\mathgroup4
\symAMSb=\mathgroup5
LaTeX Font Info:    Redeclaring math symbol \hbar on input line 98.
LaTeX Font Info:    Overwriting math alphabet `\mathfrak' in version `bold'
(Font)                  U/euf/m/n --> U/euf/b/n on input line 106.
)
(d:/Technologie/Latex/texlive/2021/texmf-dist/tex/latex/tex-gyre/tgpagella.sty
Package: tgpagella 2009/09/27 v1.2 TeX Gyre Pagella as default roman family

(d:/Technologie/Latex/texlive/2021/texmf-dist/tex/latex/kvoptions/kvoptions.sty
Package: kvoptions 2020-10-07 v3.14 Key value format for package options (HO)
(d:/Technologie/Latex/texlive/2021/texmf-dist/tex/generic/ltxcmds/ltxcmds.sty
Package: ltxcmds 2020-05-10 v1.25 LaTeX kernel commands for general use (HO)
)
(d:/Technologie/Latex/texlive/2021/texmf-dist/tex/generic/kvsetkeys/kvsetkeys.s
ty
Package: kvsetkeys 2019/12/15 v1.18 Key value parser (HO)
))) (d:/Technologie/Latex/texlive/2021/texmf-dist/tex/latex/polski/polski.sty
Package: polski 2017/05/04 v1.3.4 Polish language package
   Inputenc package detected. Catcodes not changed.
   Switching to Polish text encoding and Polish maths fonts.
(d:/Technologie/Latex/texlive/2021/texmf-dist/tex/latex/base/ot4enc.def
File: ot4enc.def 2020/08/10 v2.0s Standard LaTeX file
Now handling font encoding OT4 ...
... no UTF-8 mapping file for font encoding OT4
)
LaTeX Font Info:    Trying to load font information for OT4+qpl on input line 3
60.

(d:/Technologie/Latex/texlive/2021/texmf-dist/tex/latex/tex-gyre/ot4qpl.fd
File: ot4qpl.fd 2009/09/25 v1.2 font definition file for OT4/qpl
)
LaTeX Font Info:    Overwriting math alphabet `\mathbf' in version `normal'
(Font)                  OT1/cmr/bx/n --> OT4/cmr/bx/n on input line 360.
LaTeX Font Info:    Overwriting math alphabet `\mathsf' in version `normal'
(Font)                  OT1/cmss/m/n --> OT4/cmss/m/n on input line 360.
LaTeX Font Info:    Overwriting math alphabet `\mathit' in version `normal'
(Font)                  OT1/cmr/m/it --> OT4/cmr/m/it on input line 360.
LaTeX Font Info:    Overwriting math alphabet `\mathtt' in version `normal'
(Font)                  OT1/cmtt/m/n --> OT4/cmtt/m/n on input line 360.
LaTeX Font Info:    Overwriting math alphabet `\mathsf' in version `bold'
(Font)                  OT1/cmss/bx/n --> OT4/cmss/bx/n on input line 360.
LaTeX Font Info:    Overwriting math alphabet `\mathit' in version `bold'
(Font)                  OT1/cmr/bx/it --> OT4/cmr/bx/it on input line 360.
LaTeX Font Info:    Encoding `OT1' has changed to `OT4' for symbol font
(Font)              `operators' in the math version `normal' on input line 360.

LaTeX Font Info:    Overwriting symbol font `operators' in version `normal'
(Font)                  OT1/cmr/m/n --> OT4/cmr/m/n on input line 360.
LaTeX Font Info:    Overwriting symbol font `letters' in version `normal'
(Font)                  OML/cmm/m/it --> OML/plm/m/it on input line 360.
LaTeX Font Info:    Overwriting symbol font `symbols' in version `normal'
(Font)                  OMS/cmsy/m/n --> OMS/plsy/m/n on input line 360.
LaTeX Font Info:    Overwriting symbol font `largesymbols' in version `normal'
(Font)                  OMX/cmex/m/n --> OMX/plex/m/n on input line 360.
LaTeX Font Info:    Encoding `OT1' has changed to `OT4' for symbol font
(Font)              `operators' in the math version `bold' on input line 360.
LaTeX Font Info:    Overwriting symbol font `operators' in version `bold'
(Font)                  OT1/cmr/bx/n --> OT4/cmr/bx/n on input line 360.
LaTeX Font Info:    Overwriting symbol font `letters' in version `bold'
(Font)                  OML/cmm/b/it --> OML/plm/b/it on input line 360.
LaTeX Font Info:    Overwriting symbol font `symbols' in version `bold'
(Font)                  OMS/cmsy/b/n --> OMS/plsy/b/n on input line 360.
)
(d:/Technologie/Latex/texlive/2021/texmf-dist/tex/latex/units/nicefrac.sty
Package: nicefrac 1998/08/04 v0.9b Nice fractions
\L@UnitsRaiseDisplaystyle=\skip50
\L@UnitsRaiseTextstyle=\skip51
\L@UnitsRaiseScriptstyle=\skip52

(d:/Technologie/Latex/texlive/2021/texmf-dist/tex/latex/base/ifthen.sty
Package: ifthen 2014/09/29 v1.1c Standard LaTeX ifthen package (DPC)
))
(d:/Technologie/Latex/texlive/2021/texmf-dist/tex/latex/l3packages/xfrac/xfrac.
sty (d:/Technologie/Latex/texlive/2021/texmf-dist/tex/latex/l3kernel/expl3.sty
Package: expl3 2021-02-18 L3 programming layer (loader) 

(d:/Technologie/Latex/texlive/2021/texmf-dist/tex/latex/l3backend/l3backend-pdf
tex.def
File: l3backend-pdftex.def 2021-03-18 L3 backend support: PDF output (pdfTeX)
\l__color_backend_stack_int=\count187
\l__pdf_internal_box=\box47
))
(d:/Technologie/Latex/texlive/2021/texmf-dist/tex/latex/amsmath/amstext.sty
Package: amstext 2000/06/29 v2.01 AMS text

(d:/Technologie/Latex/texlive/2021/texmf-dist/tex/latex/amsmath/amsgen.sty
File: amsgen.sty 1999/11/30 v2.0 generic functions
\@emptytoks=\toks19
\ex@=\dimen145
))
(d:/Technologie/Latex/texlive/2021/texmf-dist/tex/latex/l3packages/l3keys2e/l3k
eys2e.sty
Package: l3keys2e 2021-03-12 LaTeX2e option processing using LaTeX3 keys
)
(d:/Technologie/Latex/texlive/2021/texmf-dist/tex/latex/base/textcomp.sty
Package: textcomp 2020/02/02 v2.0n Standard LaTeX package
)
(d:/Technologie/Latex/texlive/2021/texmf-dist/tex/latex/l3packages/xparse/xpars
e.sty
(d:/Technologie/Latex/texlive/2021/texmf-dist/tex/latex/l3packages/xparse/xpars
e-2020-10-01.sty
(d:/Technologie/Latex/texlive/2021/texmf-dist/tex/latex/l3packages/xparse/xpars
e-generic.tex)))
(d:/Technologie/Latex/texlive/2021/texmf-dist/tex/latex/l3packages/xtemplate/xt
emplate.sty
Package: xtemplate 2021-03-12 L3 Experimental prototype document functions
\l__xtemplate_tmp_dim=\dimen146
\l__xtemplate_tmp_int=\count188
\l__xtemplate_tmp_muskip=\muskip16
\l__xtemplate_tmp_skip=\skip53
)
Package: xfrac 2021-03-12 L3 Experimental split-level fractions
\l__xfrac_slash_box=\box48
\l__xfrac_tmp_box=\box49
\l__xfrac_denominator_bot_sep_dim=\dimen147
\l__xfrac_numerator_bot_sep_dim=\dimen148
\l__xfrac_numerator_top_sep_dim=\dimen149
\l__xfrac_slash_left_sep_dim=\dimen150
\l__xfrac_slash_right_sep_dim=\dimen151
\l__xfrac_slash_left_muskip=\muskip17
\l__xfrac_slash_right_muskip=\muskip18

Package xtemplate Info: Declaring object type 'xfrac' taking 3 argument(s) on
(xtemplate)             line 80.

)
(d:/Technologie/Latex/texlive/2021/texmf-dist/tex/latex/geometry/geometry.sty
Package: geometry 2020/01/02 v5.9 Page Geometry

(d:/Technologie/Latex/texlive/2021/texmf-dist/tex/generic/iftex/ifvtex.sty
Package: ifvtex 2019/10/25 v1.7 ifvtex legacy package. Use iftex instead.

(d:/Technologie/Latex/texlive/2021/texmf-dist/tex/generic/iftex/iftex.sty
Package: iftex 2020/03/06 v1.0d TeX engine tests
))
\Gm@cnth=\count189
\Gm@cntv=\count190
\c@Gm@tempcnt=\count191
\Gm@bindingoffset=\dimen152
\Gm@wd@mp=\dimen153
\Gm@odd@mp=\dimen154
\Gm@even@mp=\dimen155
\Gm@layoutwidth=\dimen156
\Gm@layoutheight=\dimen157
\Gm@layouthoffset=\dimen158
\Gm@layoutvoffset=\dimen159
\Gm@dimlist=\toks20
)
(d:/Technologie/Latex/texlive/2021/texmf-dist/tex/latex/hyperref/hyperref.sty
Package: hyperref 2021-02-27 v7.00k Hypertext links for LaTeX

(d:/Technologie/Latex/texlive/2021/texmf-dist/tex/generic/pdftexcmds/pdftexcmds
.sty
Package: pdftexcmds 2020-06-27 v0.33 Utility functions of pdfTeX for LuaTeX (HO
)

(d:/Technologie/Latex/texlive/2021/texmf-dist/tex/generic/infwarerr/infwarerr.s
ty
Package: infwarerr 2019/12/03 v1.5 Providing info/warning/error messages (HO)
)
Package pdftexcmds Info: \pdf@primitive is available.
Package pdftexcmds Info: \pdf@ifprimitive is available.
Package pdftexcmds Info: \pdfdraftmode found.
)
(d:/Technologie/Latex/texlive/2021/texmf-dist/tex/generic/kvdefinekeys/kvdefine
keys.sty
Package: kvdefinekeys 2019-12-19 v1.6 Define keys (HO)
)
(d:/Technologie/Latex/texlive/2021/texmf-dist/tex/generic/pdfescape/pdfescape.s
ty
Package: pdfescape 2019/12/09 v1.15 Implements pdfTeX's escape features (HO)
) (d:/Technologie/Latex/texlive/2021/texmf-dist/tex/latex/hycolor/hycolor.sty
Package: hycolor 2020-01-27 v1.10 Color options for hyperref/bookmark (HO)
)
(d:/Technologie/Latex/texlive/2021/texmf-dist/tex/latex/letltxmacro/letltxmacro
.sty
Package: letltxmacro 2019/12/03 v1.6 Let assignment for LaTeX macros (HO)
)
(d:/Technologie/Latex/texlive/2021/texmf-dist/tex/latex/auxhook/auxhook.sty
Package: auxhook 2019-12-17 v1.6 Hooks for auxiliary files (HO)
)
\@linkdim=\dimen160
\Hy@linkcounter=\count192
\Hy@pagecounter=\count193

(d:/Technologie/Latex/texlive/2021/texmf-dist/tex/latex/hyperref/pd1enc.def
File: pd1enc.def 2021-02-27 v7.00k Hyperref: PDFDocEncoding definition (HO)
Now handling font encoding PD1 ...
... no UTF-8 mapping file for font encoding PD1
)
(d:/Technologie/Latex/texlive/2021/texmf-dist/tex/latex/hyperref/hyperref-langp
atches.def
File: hyperref-langpatches.def 2021-02-27 v7.00k Hyperref: patches for babel la
nguages
)
(d:/Technologie/Latex/texlive/2021/texmf-dist/tex/generic/intcalc/intcalc.sty
Package: intcalc 2019/12/15 v1.3 Expandable calculations with integers (HO)
)
(d:/Technologie/Latex/texlive/2021/texmf-dist/tex/generic/etexcmds/etexcmds.sty
Package: etexcmds 2019/12/15 v1.7 Avoid name clashes with e-TeX commands (HO)
)
\Hy@SavedSpaceFactor=\count194
 (d:/Technologie/Latex/texlive/2021/texmf-dist/tex/latex/hyperref/puenc.def
File: puenc.def 2021-02-27 v7.00k Hyperref: PDF Unicode definition (HO)
Now handling font encoding PU ...
... no UTF-8 mapping file for font encoding PU
)
Package hyperref Info: Hyper figures OFF on input line 4192.
Package hyperref Info: Link nesting OFF on input line 4197.
Package hyperref Info: Hyper index ON on input line 4200.
Package hyperref Info: Plain pages OFF on input line 4207.
Package hyperref Info: Backreferencing OFF on input line 4212.
Package hyperref Info: Implicit mode ON; LaTeX internals redefined.
Package hyperref Info: Bookmarks ON on input line 4445.
\c@Hy@tempcnt=\count195

(d:/Technologie/Latex/texlive/2021/texmf-dist/tex/latex/url/url.sty
\Urlmuskip=\muskip19
Package: url 2013/09/16  ver 3.4  Verb mode for urls, etc.
)
LaTeX Info: Redefining \url on input line 4804.
\XeTeXLinkMargin=\dimen161

(d:/Technologie/Latex/texlive/2021/texmf-dist/tex/generic/bitset/bitset.sty
Package: bitset 2019/12/09 v1.3 Handle bit-vector datatype (HO)

(d:/Technologie/Latex/texlive/2021/texmf-dist/tex/generic/bigintcalc/bigintcalc
.sty
Package: bigintcalc 2019/12/15 v1.5 Expandable calculations on big integers (HO
)
))
\Fld@menulength=\count196
\Field@Width=\dimen162
\Fld@charsize=\dimen163
Package hyperref Info: Hyper figures OFF on input line 6075.
Package hyperref Info: Link nesting OFF on input line 6080.
Package hyperref Info: Hyper index ON on input line 6083.
Package hyperref Info: backreferencing OFF on input line 6090.
Package hyperref Info: Link coloring OFF on input line 6095.
Package hyperref Info: Link coloring with OCG OFF on input line 6100.
Package hyperref Info: PDF/A mode OFF on input line 6105.
LaTeX Info: Redefining \ref on input line 6145.
LaTeX Info: Redefining \pageref on input line 6149.

(d:/Technologie/Latex/texlive/2021/texmf-dist/tex/latex/base/atbegshi-ltx.sty
Package: atbegshi-ltx 2020/08/17 v1.0a Emulation of the original atbegshi packa
ge
with kernel methods
)
\Hy@abspage=\count197
\c@Item=\count198
\c@Hfootnote=\count199
)
Package hyperref Info: Driver (autodetected): hpdftex.
(d:/Technologie/Latex/texlive/2021/texmf-dist/tex/latex/hyperref/hpdftex.def
File: hpdftex.def 2021-02-27 v7.00k Hyperref driver for pdfTeX

(d:/Technologie/Latex/texlive/2021/texmf-dist/tex/latex/base/atveryend-ltx.sty
Package: atveryend-ltx 2020/08/19 v1.0a Emulation of the original atvery packag
e
with kernel methods
)
\Fld@listcount=\count266
\c@bookmark@seq@number=\count267

(d:/Technologie/Latex/texlive/2021/texmf-dist/tex/latex/rerunfilecheck/rerunfil
echeck.sty
Package: rerunfilecheck 2019/12/05 v1.9 Rerun checks for auxiliary files (HO)

(d:/Technologie/Latex/texlive/2021/texmf-dist/tex/generic/uniquecounter/uniquec
ounter.sty
Package: uniquecounter 2019/12/15 v1.4 Provide unlimited unique counter (HO)
)
Package uniquecounter Info: New unique counter `rerunfilecheck' on input line 2
86.
)
\Hy@SectionHShift=\skip54
)
(d:/Technologie/Latex/texlive/2021/texmf-dist/tex/latex/amsfonts/amssymb.sty
Package: amssymb 2013/01/14 v3.01 AMS font symbols
)
(d:/Technologie/Latex/texlive/2021/texmf-dist/tex/latex/footmisc/footmisc.sty
Package: footmisc 2011/06/06 v5.5b a miscellany of footnote facilities
\FN@temptoken=\toks21
\footnotemargin=\dimen164
\c@pp@next@reset=\count268
Package footmisc Info: Declaring symbol style bringhurst on input line 855.
Package footmisc Info: Declaring symbol style chicago on input line 863.
Package footmisc Info: Declaring symbol style wiley on input line 872.
Package footmisc Info: Declaring symbol style lamport-robust on input line 883.

Package footmisc Info: Declaring symbol style lamport* on input line 903.
Package footmisc Info: Declaring symbol style lamport*-robust on input line 924
.
)
(d:/Technologie/Latex/texlive/2021/texmf-dist/tex/latex/float/float.sty
Package: float 2001/11/08 v1.3d Float enhancements (AL)
\c@float@type=\count269
\float@exts=\toks22
\float@box=\box50
\@float@everytoks=\toks23
\@floatcapt=\box51
)
(d:/Technologie/Latex/texlive/2021/texmf-dist/tex/latex/upquote/upquote.sty
Package: upquote 2012/04/19 v1.3 upright-quote and grave-accent glyphs in verba
tim
)
(./raport_m.aux)
\openout1 = `raport_m.aux'.

LaTeX Font Info:    Checking defaults for OML/cmm/m/it on input line 66.
LaTeX Font Info:    ... okay on input line 66.
LaTeX Font Info:    Checking defaults for OMS/cmsy/m/n on input line 66.
LaTeX Font Info:    ... okay on input line 66.
LaTeX Font Info:    Checking defaults for OT1/cmr/m/n on input line 66.
LaTeX Font Info:    ... okay on input line 66.
LaTeX Font Info:    Checking defaults for T1/cmr/m/n on input line 66.
LaTeX Font Info:    ... okay on input line 66.
LaTeX Font Info:    Checking defaults for TS1/cmr/m/n on input line 66.
LaTeX Font Info:    ... okay on input line 66.
LaTeX Font Info:    Checking defaults for OMX/cmex/m/n on input line 66.
LaTeX Font Info:    ... okay on input line 66.
LaTeX Font Info:    Checking defaults for U/cmr/m/n on input line 66.
LaTeX Font Info:    ... okay on input line 66.
LaTeX Font Info:    Checking defaults for OT4/cmr/m/n on input line 66.
LaTeX Font Info:    Trying to load font information for OT4+cmr on input line 6
6.

(d:/Technologie/Latex/texlive/2021/texmf-dist/tex/latex/polski/ot4cmr.fd
File: ot4cmr.fd 2008/02/24 v1.2.1 Font defs for fonts PL (MW)
)
LaTeX Font Info:    ... okay on input line 66.
LaTeX Font Info:    Checking defaults for PD1/pdf/m/n on input line 66.
LaTeX Font Info:    ... okay on input line 66.
LaTeX Font Info:    Checking defaults for PU/pdf/m/n on input line 66.
LaTeX Font Info:    ... okay on input line 66.

(d:/Technologie/Latex/texlive/2021/texmf-dist/tex/context/base/mkii/supp-pdf.mk
ii
[Loading MPS to PDF converter (version 2006.09.02).]
\scratchcounter=\count270
\scratchdimen=\dimen165
\scratchbox=\box52
\nofMPsegments=\count271
\nofMParguments=\count272
\everyMPshowfont=\toks24
\MPscratchCnt=\count273
\MPscratchDim=\dimen166
\MPnumerator=\count274
\makeMPintoPDFobject=\count275
\everyMPtoPDFconversion=\toks25
)
(d:/Technologie/Latex/texlive/2021/texmf-dist/tex/latex/epstopdf-pkg/epstopdf-b
ase.sty
Package: epstopdf-base 2020-01-24 v2.11 Base part for package epstopdf
Package epstopdf-base Info: Redefining graphics rule for `.eps' on input line 4
85.

(d:/Technologie/Latex/texlive/2021/texmf-dist/tex/latex/latexconfig/epstopdf-sy
s.cfg
File: epstopdf-sys.cfg 2010/07/13 v1.3 Configuration of (r)epstopdf for TeX Liv
e
))
*geometry* driver: auto-detecting
*geometry* detected driver: pdftex
*geometry* verbose mode - [ preamble ] result:
* driver: pdftex
* paper: <default>
* layout: <same size as paper>
* layoutoffset:(h,v)=(0.0pt,0.0pt)
* modes: 
* h-part:(L,W,R)=(72.26999pt, 469.75502pt, 72.26999pt)
* v-part:(T,H,B)=(72.26999pt, 650.43001pt, 72.26999pt)
* \paperwidth=614.295pt
* \paperheight=794.96999pt
* \textwidth=469.75502pt
* \textheight=650.43001pt
* \oddsidemargin=0.0pt
* \evensidemargin=0.0pt
* \topmargin=-37.0pt
* \headheight=12.0pt
* \headsep=25.0pt
* \topskip=10.0pt
* \footskip=30.0pt
* \marginparwidth=65.0pt
* \marginparsep=11.0pt
* \columnsep=10.0pt
* \skip\footins=9.0pt plus 4.0pt minus 2.0pt
* \hoffset=0.0pt
* \voffset=0.0pt
* \mag=1000
* \@twocolumnfalse
* \@twosidefalse
* \@mparswitchfalse
* \@reversemarginfalse
* (1in=72.27pt=25.4mm, 1cm=28.453pt)

Package hyperref Info: Link coloring OFF on input line 66.
(d:/Technologie/Latex/texlive/2021/texmf-dist/tex/latex/hyperref/nameref.sty
Package: nameref 2021-04-02 v2.47 Cross-referencing by name of section

(d:/Technologie/Latex/texlive/2021/texmf-dist/tex/latex/refcount/refcount.sty
Package: refcount 2019/12/15 v3.6 Data extraction from label references (HO)
)
(d:/Technologie/Latex/texlive/2021/texmf-dist/tex/generic/gettitlestring/gettit
lestring.sty
Package: gettitlestring 2019/12/15 v1.6 Cleanup title references (HO)
)
\c@section@level=\count276
)
LaTeX Info: Redefining \ref on input line 66.
LaTeX Info: Redefining \pageref on input line 66.
LaTeX Info: Redefining \nameref on input line 66.
 (./raport_m.out) (./raport_m.out)
\@outlinefile=\write3
\openout3 = `raport_m.out'.

LaTeX Font Info:    Trying to load font information for OT4+cmtt on input line 
70.

(d:/Technologie/Latex/texlive/2021/texmf-dist/tex/latex/polski/ot4cmtt.fd
File: ot4cmtt.fd 2008/02/24 v1.2.1 Font defs for fonts PL (MW)
)

LaTeX Font Warning: Font shape `OT4/cmtt/b/n' undefined
(Font)              using `OT4/cmtt/bx/n' instead on input line 71.


LaTeX Font Warning: Font shape `OT4/cmtt/bx/n' in size <10> not available
(Font)              Font shape `OT4/cmtt/m/n' tried instead on input line 71.


LaTeX Font Warning: Font shape `OT4/cmtt/b/n' undefined
(Font)              using `OT4/cmtt/bx/n' instead on input line 72.


LaTeX Font Warning: Font shape `OT4/cmtt/b/n' undefined
(Font)              using `OT4/cmtt/bx/n' instead on input line 73.


LaTeX Font Warning: Font shape `OT4/cmtt/b/n' undefined
(Font)              using `OT4/cmtt/bx/n' instead on input line 74.


LaTeX Font Warning: Font shape `OT4/cmtt/b/n' undefined
(Font)              using `OT4/cmtt/bx/n' instead on input line 75.


LaTeX Font Warning: Font shape `OT4/cmtt/b/n' undefined
(Font)              using `OT4/cmtt/bx/n' instead on input line 77.


LaTeX Font Warning: Font shape `OT4/cmtt/b/n' undefined
(Font)              using `OT4/cmtt/bx/n' instead on input line 77.


LaTeX Font Warning: Font shape `OT4/cmtt/b/n' undefined
(Font)              using `OT4/cmtt/bx/n' instead on input line 101.


LaTeX Font Warning: Font shape `OT4/cmtt/b/n' undefined
(Font)              using `OT4/cmtt/bx/n' instead on input line 102.


LaTeX Font Warning: Font shape `OT4/cmtt/b/n' undefined
(Font)              using `OT4/cmtt/bx/n' instead on input line 104.


LaTeX Font Warning: Font shape `OT4/cmtt/b/n' undefined
(Font)              using `OT4/cmtt/bx/n' instead on input line 104.


LaTeX Font Warning: Font shape `OT4/cmtt/b/n' undefined
(Font)              using `OT4/cmtt/bx/n' instead on input line 105.


LaTeX Font Warning: Font shape `OT4/cmtt/b/n' undefined
(Font)              using `OT4/cmtt/bx/n' instead on input line 105.


LaTeX Font Warning: Font shape `OT4/cmtt/b/n' undefined
(Font)              using `OT4/cmtt/bx/n' instead on input line 107.


LaTeX Font Warning: Font shape `OT4/cmtt/b/n' undefined
(Font)              using `OT4/cmtt/bx/n' instead on input line 107.


LaTeX Font Warning: Font shape `OT4/cmtt/b/n' undefined
(Font)              using `OT4/cmtt/bx/n' instead on input line 107.


LaTeX Font Warning: Font shape `OT4/cmtt/b/n' undefined
(Font)              using `OT4/cmtt/bx/n' instead on input line 107.


LaTeX Font Warning: Font shape `OT4/cmtt/b/n' undefined
(Font)              using `OT4/cmtt/bx/n' instead on input line 107.


Overfull \hbox (438.48706pt too wide) in paragraph at lines 107--107
[][]\OT4/cmtt/m/n/10 minimalne_tekst[] []<-[] []if_else[][]([][]length[][](mini
malne[,[][]1[][]])[][]>[][]1[][],[] []paste[][]([][]paste0[][](minimalne[,[][]1
[][]][[][]2[][]:[][]length[][](minimalne[,[][]1[][]])],[] []collapse[] []=[] []
", "[][]),[] []" i "[][],minimalne[,[][]1[][]][[][]1[][]],[] []sep[][]=[][]""[]
[]), minimalne[,[][]1[][]][[][]1[][]])[][] 
 []


LaTeX Font Warning: Font shape `OT4/cmtt/b/n' undefined
(Font)              using `OT4/cmtt/bx/n' instead on input line 109.


LaTeX Font Warning: Font shape `OT4/cmtt/b/n' undefined
(Font)              using `OT4/cmtt/bx/n' instead on input line 109.


LaTeX Font Warning: Font shape `OT4/cmtt/b/n' undefined
(Font)              using `OT4/cmtt/bx/n' instead on input line 109.


LaTeX Font Warning: Font shape `OT4/cmtt/b/n' undefined
(Font)              using `OT4/cmtt/bx/n' instead on input line 109.


LaTeX Font Warning: Font shape `OT4/cmtt/b/n' undefined
(Font)              using `OT4/cmtt/bx/n' instead on input line 109.


Overfull \hbox (469.98679pt too wide) in paragraph at lines 109--109
[][]\OT4/cmtt/m/n/10 maksymalne_tekst[] []<-[] []if_else[][]([][]length[][](mak
symalne[,[][]1[][]])[][]>[][]1[][],[] []paste[][]([][]paste0[][](maksymalne[,[]
[]1[][]][[][]2[][]:[][]length[][](maksymalne[,[][]1[][]])],[] []collapse[] []=[
] []", "[][]),[] []" i "[][],maksymalne[,[][]1[][]][[][]1[][]],[] []sep[][]=[][
]""[][]), maksymalne[,[][]1[][]][[][]1[][]])[][] 
 []


LaTeX Font Warning: Font shape `OT4/cmtt/b/n' undefined
(Font)              using `OT4/cmtt/bx/n' instead on input line 111.


LaTeX Font Warning: Font shape `OT4/cmtt/b/n' undefined
(Font)              using `OT4/cmtt/bx/n' instead on input line 111.


LaTeX Font Warning: Font shape `OT4/cmtt/b/n' undefined
(Font)              using `OT4/cmtt/bx/n' instead on input line 111.


LaTeX Font Warning: Font shape `OT4/cmtt/b/n' undefined
(Font)              using `OT4/cmtt/bx/n' instead on input line 111.

LaTeX Font Info:    Trying to load font information for OMS+cmtt on input line 
111.
(c:/Program Files/R/R-4.3.1/share/texmf/tex/latex/omscmtt.fd
File: omscmtt.fd 
)
LaTeX Font Info:    Font shape `OMS/cmtt/m/n' in size <10> not available
(Font)              Font shape `OMS/cmsy/m/n' tried instead on input line 111.

Overfull \hbox (86.49019pt too wide) in paragraph at lines 111--111
[][]\OT4/cmtt/m/n/10 ranking[] []<-[] []paste0[][]([][]seq_len[][]([][]nrow[][]
(df)),[] []". "[][], df[][]$[][]marka,[] []": "[][],[] []paste[][](df[][]$[][]p
rocent,[][]"%"[][],[] []sep[][]=[][]""[][]),[] []collapse[] []=[] []"\OMS/cmsy/
m/n/10 n\OT4/cmtt/m/n/10 n"[][])[][] 
 []

[1

{d:/Technologie/Latex/texlive/2021/texmf-var/fonts/map/pdftex/updmap/pdftex.map
}]
Underfull \hbox (badness 10000) in paragraph at lines 160--161

 []

LaTeX Font Info:    Trying to load font information for TS1+cmtt on input line 
173.
(d:/Technologie/Latex/texlive/2021/texmf-dist/tex/latex/base/ts1cmtt.fd
File: ts1cmtt.fd 2019/12/16 v2.5j Standard LaTeX font definitions
)

LaTeX Font Warning: Font shape `OT4/cmtt/b/n' undefined
(Font)              using `OT4/cmtt/bx/n' instead on input line 175.


LaTeX Font Warning: Font shape `OT4/cmtt/b/n' undefined
(Font)              using `OT4/cmtt/bx/n' instead on input line 176.


LaTeX Font Warning: Font shape `OT4/cmtt/b/n' undefined
(Font)              using `OT4/cmtt/bx/n' instead on input line 178.


LaTeX Font Warning: Font shape `OT4/cmtt/b/n' undefined
(Font)              using `OT4/cmtt/bx/n' instead on input line 178.


LaTeX Font Warning: Font shape `OT4/cmtt/b/n' undefined
(Font)              using `OT4/cmtt/bx/n' instead on input line 179.


LaTeX Font Warning: Font shape `OT4/cmtt/b/n' undefined
(Font)              using `OT4/cmtt/bx/n' instead on input line 179.


LaTeX Font Warning: Font shape `OT4/cmtt/b/n' undefined
(Font)              using `OT4/cmtt/bx/n' instead on input line 181.


LaTeX Font Warning: Font shape `OT4/cmtt/b/n' undefined
(Font)              using `OT4/cmtt/bx/n' instead on input line 181.


LaTeX Font Warning: Font shape `OT4/cmtt/b/n' undefined
(Font)              using `OT4/cmtt/bx/n' instead on input line 181.


LaTeX Font Warning: Font shape `OT4/cmtt/b/n' undefined
(Font)              using `OT4/cmtt/bx/n' instead on input line 181.


LaTeX Font Warning: Font shape `OT4/cmtt/b/n' undefined
(Font)              using `OT4/cmtt/bx/n' instead on input line 181.


Overfull \hbox (438.48706pt too wide) in paragraph at lines 181--181
[][]\OT4/cmtt/m/n/10 minimalne_tekst[] []<-[] []if_else[][]([][]length[][](mini
malne[,[][]1[][]])[][]>[][]1[][],[] []paste[][]([][]paste0[][](minimalne[,[][]1
[][]][[][]2[][]:[][]length[][](minimalne[,[][]1[][]])],[] []collapse[] []=[] []
", "[][]),[] []" i "[][],minimalne[,[][]1[][]][[][]1[][]],[] []sep[][]=[][]""[]
[]), minimalne[,[][]1[][]][[][]1[][]])[][] 
 []


LaTeX Font Warning: Font shape `OT4/cmtt/b/n' undefined
(Font)              using `OT4/cmtt/bx/n' instead on input line 183.


LaTeX Font Warning: Font shape `OT4/cmtt/b/n' undefined
(Font)              using `OT4/cmtt/bx/n' instead on input line 183.


LaTeX Font Warning: Font shape `OT4/cmtt/b/n' undefined
(Font)              using `OT4/cmtt/bx/n' instead on input line 183.


LaTeX Font Warning: Font shape `OT4/cmtt/b/n' undefined
(Font)              using `OT4/cmtt/bx/n' instead on input line 183.


LaTeX Font Warning: Font shape `OT4/cmtt/b/n' undefined
(Font)              using `OT4/cmtt/bx/n' instead on input line 183.


Overfull \hbox (469.98679pt too wide) in paragraph at lines 183--183
[][]\OT4/cmtt/m/n/10 maksymalne_tekst[] []<-[] []if_else[][]([][]length[][](mak
symalne[,[][]1[][]])[][]>[][]1[][],[] []paste[][]([][]paste0[][](maksymalne[,[]
[]1[][]][[][]2[][]:[][]length[][](maksymalne[,[][]1[][]])],[] []collapse[] []=[
] []", "[][]),[] []" i "[][],maksymalne[,[][]1[][]][[][]1[][]],[] []sep[][]=[][
]""[][]), maksymalne[,[][]1[][]][[][]1[][]])[][] 
 []


LaTeX Font Warning: Font shape `OT4/cmtt/b/n' undefined
(Font)              using `OT4/cmtt/bx/n' instead on input line 185.


LaTeX Font Warning: Font shape `OT4/cmtt/b/n' undefined
(Font)              using `OT4/cmtt/bx/n' instead on input line 186.


LaTeX Font Warning: Font shape `OT4/cmtt/b/n' undefined
(Font)              using `OT4/cmtt/bx/n' instead on input line 186.


LaTeX Font Warning: Font shape `OT4/cmtt/b/n' undefined
(Font)              using `OT4/cmtt/bx/n' instead on input line 186.

[2]
Underfull \hbox (badness 10000) in paragraph at lines 226--227

 []


Underfull \hbox (badness 10000) in paragraph at lines 228--229

 []


LaTeX Font Warning: Font shape `OT4/cmtt/b/n' undefined
(Font)              using `OT4/cmtt/bx/n' instead on input line 241.


LaTeX Font Warning: Font shape `OT4/cmtt/b/n' undefined
(Font)              using `OT4/cmtt/bx/n' instead on input line 242.


LaTeX Font Warning: Font shape `OT4/cmtt/b/n' undefined
(Font)              using `OT4/cmtt/bx/n' instead on input line 244.


LaTeX Font Warning: Font shape `OT4/cmtt/b/n' undefined
(Font)              using `OT4/cmtt/bx/n' instead on input line 244.


LaTeX Font Warning: Font shape `OT4/cmtt/b/n' undefined
(Font)              using `OT4/cmtt/bx/n' instead on input line 245.


LaTeX Font Warning: Font shape `OT4/cmtt/b/n' undefined
(Font)              using `OT4/cmtt/bx/n' instead on input line 245.


LaTeX Font Warning: Font shape `OT4/cmtt/b/n' undefined
(Font)              using `OT4/cmtt/bx/n' instead on input line 247.


LaTeX Font Warning: Font shape `OT4/cmtt/b/n' undefined
(Font)              using `OT4/cmtt/bx/n' instead on input line 247.


LaTeX Font Warning: Font shape `OT4/cmtt/b/n' undefined
(Font)              using `OT4/cmtt/bx/n' instead on input line 247.


LaTeX Font Warning: Font shape `OT4/cmtt/b/n' undefined
(Font)              using `OT4/cmtt/bx/n' instead on input line 247.


LaTeX Font Warning: Font shape `OT4/cmtt/b/n' undefined
(Font)              using `OT4/cmtt/bx/n' instead on input line 247.


Overfull \hbox (438.48706pt too wide) in paragraph at lines 247--247
[][]\OT4/cmtt/m/n/10 minimalne_tekst[] []<-[] []if_else[][]([][]length[][](mini
malne[,[][]1[][]])[][]>[][]1[][],[] []paste[][]([][]paste0[][](minimalne[,[][]1
[][]][[][]2[][]:[][]length[][](minimalne[,[][]1[][]])],[] []collapse[] []=[] []
", "[][]),[] []" i "[][],minimalne[,[][]1[][]][[][]1[][]],[] []sep[][]=[][]""[]
[]), minimalne[,[][]1[][]][[][]1[][]])[][] 
 []


LaTeX Font Warning: Font shape `OT4/cmtt/b/n' undefined
(Font)              using `OT4/cmtt/bx/n' instead on input line 249.


LaTeX Font Warning: Font shape `OT4/cmtt/b/n' undefined
(Font)              using `OT4/cmtt/bx/n' instead on input line 249.


LaTeX Font Warning: Font shape `OT4/cmtt/b/n' undefined
(Font)              using `OT4/cmtt/bx/n' instead on input line 249.


LaTeX Font Warning: Font shape `OT4/cmtt/b/n' undefined
(Font)              using `OT4/cmtt/bx/n' instead on input line 249.


LaTeX Font Warning: Font shape `OT4/cmtt/b/n' undefined
(Font)              using `OT4/cmtt/bx/n' instead on input line 249.


Overfull \hbox (469.98679pt too wide) in paragraph at lines 249--249
[][]\OT4/cmtt/m/n/10 maksymalne_tekst[] []<-[] []if_else[][]([][]length[][](mak
symalne[,[][]1[][]])[][]>[][]1[][],[] []paste[][]([][]paste0[][](maksymalne[,[]
[]1[][]][[][]2[][]:[][]length[][](maksymalne[,[][]1[][]])],[] []collapse[] []=[
] []", "[][]),[] []" i "[][],maksymalne[,[][]1[][]][[][]1[][]],[] []sep[][]=[][
]""[][]), maksymalne[,[][]1[][]][[][]1[][]])[][] 
 []


LaTeX Font Warning: Font shape `OT4/cmtt/b/n' undefined
(Font)              using `OT4/cmtt/bx/n' instead on input line 251.


LaTeX Font Warning: Font shape `OT4/cmtt/b/n' undefined
(Font)              using `OT4/cmtt/bx/n' instead on input line 252.


LaTeX Font Warning: Font shape `OT4/cmtt/b/n' undefined
(Font)              using `OT4/cmtt/bx/n' instead on input line 252.


LaTeX Font Warning: Font shape `OT4/cmtt/b/n' undefined
(Font)              using `OT4/cmtt/bx/n' instead on input line 252.

[3]
Underfull \hbox (badness 10000) in paragraph at lines 271--272

 []


LaTeX Font Warning: Font shape `OT4/cmtt/b/n' undefined
(Font)              using `OT4/cmtt/bx/n' instead on input line 287.


LaTeX Font Warning: Font shape `OT4/cmtt/b/n' undefined
(Font)              using `OT4/cmtt/bx/n' instead on input line 288.


LaTeX Font Warning: Font shape `OT4/cmtt/b/n' undefined
(Font)              using `OT4/cmtt/bx/n' instead on input line 289.


LaTeX Font Warning: Font shape `OT4/cmtt/b/n' undefined
(Font)              using `OT4/cmtt/bx/n' instead on input line 291.


LaTeX Font Warning: Font shape `OT4/cmtt/b/n' undefined
(Font)              using `OT4/cmtt/bx/n' instead on input line 291.


LaTeX Font Warning: Font shape `OT4/cmtt/b/n' undefined
(Font)              using `OT4/cmtt/bx/n' instead on input line 291.


Overfull \hbox (2.74086pt too wide) in paragraph at lines 291--291
[][]\OT4/cmtt/m/n/10 wszystkie_daty[] []<-[] []expand.grid[][]([][]1[][]:[][]12
[][],[] []2014[][]:[][]2017[][]) |>[] []reframe[][]([][]data[] []=[] []make_dat
e[][](Var2, Var1,[] []1[][]))[][] 
 []


LaTeX Font Warning: Font shape `OT4/cmtt/b/n' undefined
(Font)              using `OT4/cmtt/bx/n' instead on input line 292.


LaTeX Font Warning: Font shape `OT4/cmtt/b/n' undefined
(Font)              using `OT4/cmtt/bx/n' instead on input line 293.


LaTeX Font Warning: Font shape `OT4/cmtt/b/n' undefined
(Font)              using `OT4/cmtt/bx/n' instead on input line 295.


LaTeX Font Warning: Font shape `OT4/cmtt/b/n' undefined
(Font)              using `OT4/cmtt/bx/n' instead on input line 295.


LaTeX Font Warning: Font shape `OT4/cmtt/b/n' undefined
(Font)              using `OT4/cmtt/bx/n' instead on input line 295.


LaTeX Font Warning: Font shape `OT4/cmtt/b/n' undefined
(Font)              using `OT4/cmtt/bx/n' instead on input line 296.


LaTeX Font Warning: Font shape `OT4/cmtt/b/n' undefined
(Font)              using `OT4/cmtt/bx/n' instead on input line 297.


LaTeX Font Warning: Font shape `OT4/cmtt/b/n' undefined
(Font)              using `OT4/cmtt/bx/n' instead on input line 297.


LaTeX Font Warning: Font shape `OT4/cmtt/b/n' undefined
(Font)              using `OT4/cmtt/bx/n' instead on input line 297.


LaTeX Font Warning: Font shape `OT4/cmtt/b/n' undefined
(Font)              using `OT4/cmtt/bx/n' instead on input line 297.


Overfull \hbox (23.74068pt too wide) in paragraph at lines 297--297
[]  []\OT4/cmtt/m/n/10 scale_fill_manual[][]([][]name[][]=[][]"Miesi¡c"[][],[][
]labels[][]=[][]unique[][]([][]format[][](df[][]$[][]data,[] []"%B"[][])),[] []
values[][]=[][]hue_pal[][]()([][]12[][]))[][] 
 []

<figure/unnamed-chunk-5-1.pdf, id=50, 505.89pt x 505.89pt>
File: figure/unnamed-chunk-5-1.pdf Graphic file (type pdf)
<use figure/unnamed-chunk-5-1.pdf>
Package pdftex.def Info: figure/unnamed-chunk-5-1.pdf  used on input line 300.
(pdftex.def)             Requested size: 469.75502pt x 469.76265pt.

Overfull \hbox (15.0pt too wide) in paragraph at lines 300--302
[][]
 []

[4]

LaTeX Font Warning: Font shape `OT4/cmtt/b/n' undefined
(Font)              using `OT4/cmtt/bx/n' instead on input line 315.


LaTeX Font Warning: Font shape `OT4/cmtt/b/n' undefined
(Font)              using `OT4/cmtt/bx/n' instead on input line 316.


LaTeX Font Warning: Font shape `OT4/cmtt/b/n' undefined
(Font)              using `OT4/cmtt/bx/n' instead on input line 317.


LaTeX Font Warning: Font shape `OT4/cmtt/b/n' undefined
(Font)              using `OT4/cmtt/bx/n' instead on input line 319.


LaTeX Font Warning: Font shape `OT4/cmtt/b/n' undefined
(Font)              using `OT4/cmtt/bx/n' instead on input line 319.


LaTeX Font Warning: Font shape `OT4/cmtt/b/n' undefined
(Font)              using `OT4/cmtt/bx/n' instead on input line 319.


Overfull \hbox (2.74086pt too wide) in paragraph at lines 319--319
[][]\OT4/cmtt/m/n/10 wszystkie_daty[] []<-[] []expand.grid[][]([][]1[][]:[][]12
[][],[] []2014[][]:[][]2017[][]) |>[] []reframe[][]([][]data[] []=[] []make_dat
e[][](Var2, Var1,[] []1[][]))[][] 
 []


LaTeX Font Warning: Font shape `OT4/cmtt/b/n' undefined
(Font)              using `OT4/cmtt/bx/n' instead on input line 320.


LaTeX Font Warning: Font shape `OT4/cmtt/b/n' undefined
(Font)              using `OT4/cmtt/bx/n' instead on input line 321.


LaTeX Font Warning: Font shape `OT4/cmtt/b/n' undefined
(Font)              using `OT4/cmtt/bx/n' instead on input line 323.


LaTeX Font Warning: Font shape `OT4/cmtt/b/n' undefined
(Font)              using `OT4/cmtt/bx/n' instead on input line 323.


LaTeX Font Warning: Font shape `OT4/cmtt/b/n' undefined
(Font)              using `OT4/cmtt/bx/n' instead on input line 323.


LaTeX Font Warning: Font shape `OT4/cmtt/b/n' undefined
(Font)              using `OT4/cmtt/bx/n' instead on input line 324.


LaTeX Font Warning: Font shape `OT4/cmtt/b/n' undefined
(Font)              using `OT4/cmtt/bx/n' instead on input line 325.


LaTeX Font Warning: Font shape `OT4/cmtt/b/n' undefined
(Font)              using `OT4/cmtt/bx/n' instead on input line 325.


LaTeX Font Warning: Font shape `OT4/cmtt/b/n' undefined
(Font)              using `OT4/cmtt/bx/n' instead on input line 325.


LaTeX Font Warning: Font shape `OT4/cmtt/b/n' undefined
(Font)              using `OT4/cmtt/bx/n' instead on input line 325.


Overfull \hbox (23.74068pt too wide) in paragraph at lines 325--325
[]  []\OT4/cmtt/m/n/10 scale_fill_manual[][]([][]name[][]=[][]"Miesi¡c"[][],[][
]labels[][]=[][]unique[][]([][]format[][](df[][]$[][]data,[] []"%B"[][])),[] []
values[][]=[][]hue_pal[][]()([][]12[][]))[][] 
 []

[5 <./figure/unnamed-chunk-5-1.pdf>]
<figure/unnamed-chunk-6-1.pdf, id=64, 505.89pt x 505.89pt>
File: figure/unnamed-chunk-6-1.pdf Graphic file (type pdf)
<use figure/unnamed-chunk-6-1.pdf>
Package pdftex.def Info: figure/unnamed-chunk-6-1.pdf  used on input line 328.
(pdftex.def)             Requested size: 469.75502pt x 469.76265pt.

Overfull \hbox (15.0pt too wide) in paragraph at lines 328--330
[][]
 []


LaTeX Font Warning: Font shape `OT4/cmtt/b/n' undefined
(Font)              using `OT4/cmtt/bx/n' instead on input line 342.


LaTeX Font Warning: Font shape `OT4/cmtt/b/n' undefined
(Font)              using `OT4/cmtt/bx/n' instead on input line 343.


LaTeX Font Warning: Font shape `OT4/cmtt/b/n' undefined
(Font)              using `OT4/cmtt/bx/n' instead on input line 344.


LaTeX Font Warning: Font shape `OT4/cmtt/b/n' undefined
(Font)              using `OT4/cmtt/bx/n' instead on input line 346.


LaTeX Font Warning: Font shape `OT4/cmtt/b/n' undefined
(Font)              using `OT4/cmtt/bx/n' instead on input line 346.


LaTeX Font Warning: Font shape `OT4/cmtt/b/n' undefined
(Font)              using `OT4/cmtt/bx/n' instead on input line 346.


Overfull \hbox (2.74086pt too wide) in paragraph at lines 346--346
[][]\OT4/cmtt/m/n/10 wszystkie_daty[] []<-[] []expand.grid[][]([][]1[][]:[][]12
[][],[] []2014[][]:[][]2017[][]) |>[] []reframe[][]([][]data[] []=[] []make_dat
e[][](Var2, Var1,[] []1[][]))[][] 
 []


LaTeX Font Warning: Font shape `OT4/cmtt/b/n' undefined
(Font)              using `OT4/cmtt/bx/n' instead on input line 347.


LaTeX Font Warning: Font shape `OT4/cmtt/b/n' undefined
(Font)              using `OT4/cmtt/bx/n' instead on input line 348.


LaTeX Font Warning: Font shape `OT4/cmtt/b/n' undefined
(Font)              using `OT4/cmtt/bx/n' instead on input line 350.


LaTeX Font Warning: Font shape `OT4/cmtt/b/n' undefined
(Font)              using `OT4/cmtt/bx/n' instead on input line 350.


LaTeX Font Warning: Font shape `OT4/cmtt/b/n' undefined
(Font)              using `OT4/cmtt/bx/n' instead on input line 350.


LaTeX Font Warning: Font shape `OT4/cmtt/b/n' undefined
(Font)              using `OT4/cmtt/bx/n' instead on input line 351.


LaTeX Font Warning: Font shape `OT4/cmtt/b/n' undefined
(Font)              using `OT4/cmtt/bx/n' instead on input line 352.


LaTeX Font Warning: Font shape `OT4/cmtt/b/n' undefined
(Font)              using `OT4/cmtt/bx/n' instead on input line 352.


LaTeX Font Warning: Font shape `OT4/cmtt/b/n' undefined
(Font)              using `OT4/cmtt/bx/n' instead on input line 352.


LaTeX Font Warning: Font shape `OT4/cmtt/b/n' undefined
(Font)              using `OT4/cmtt/bx/n' instead on input line 352.


Overfull \hbox (23.74068pt too wide) in paragraph at lines 352--352
[]  []\OT4/cmtt/m/n/10 scale_fill_manual[][]([][]name[][]=[][]"Miesi¡c"[][],[][
]labels[][]=[][]unique[][]([][]format[][](df[][]$[][]data,[] []"%B"[][])),[] []
values[][]=[][]hue_pal[][]()([][]12[][]))[][] 
 []

[6 <./figure/unnamed-chunk-6-1.pdf>]
<figure/unnamed-chunk-7-1.pdf, id=74, 505.89pt x 505.89pt>
File: figure/unnamed-chunk-7-1.pdf Graphic file (type pdf)
<use figure/unnamed-chunk-7-1.pdf>
Package pdftex.def Info: figure/unnamed-chunk-7-1.pdf  used on input line 355.
(pdftex.def)             Requested size: 469.75502pt x 469.76265pt.

Overfull \hbox (15.0pt too wide) in paragraph at lines 355--357
[][]
 []

[7]
Overfull \hbox (34.23811pt too wide) in paragraph at lines 369--373
[][]\OT4/cmtt/m/n/10 query[] []<-[] []"SELECT CONCAT(imi¦, \TS1/cmtt/m/n/10 ' '
\OT4/cmtt/m/n/10 ,nazwisko) as sprzedawca, SUM(sprzeda»_samochodu.cena) as suma
,[] 
 []


LaTeX Font Warning: Font shape `OT4/cmtt/b/n' undefined
(Font)              using `OT4/cmtt/bx/n' instead on input line 375.


LaTeX Font Warning: Font shape `OT4/cmtt/b/n' undefined
(Font)              using `OT4/cmtt/bx/n' instead on input line 377.


LaTeX Font Warning: Font shape `OT4/cmtt/b/n' undefined
(Font)              using `OT4/cmtt/bx/n' instead on input line 377.


LaTeX Font Warning: Font shape `OT4/cmtt/b/n' undefined
(Font)              using `OT4/cmtt/bx/n' instead on input line 378.


LaTeX Font Warning: Font shape `OT4/cmtt/b/n' undefined
(Font)              using `OT4/cmtt/bx/n' instead on input line 378.


LaTeX Font Warning: Font shape `OT4/cmtt/b/n' undefined
(Font)              using `OT4/cmtt/bx/n' instead on input line 380.


LaTeX Font Warning: Font shape `OT4/cmtt/b/n' undefined
(Font)              using `OT4/cmtt/bx/n' instead on input line 381.


LaTeX Font Warning: Font shape `OT4/cmtt/b/n' undefined
(Font)              using `OT4/cmtt/bx/n' instead on input line 382.


LaTeX Font Warning: Font shape `OT4/cmtt/b/n' undefined
(Font)              using `OT4/cmtt/bx/n' instead on input line 387.


LaTeX Font Warning: Font shape `OT4/cmtt/b/n' undefined
(Font)              using `OT4/cmtt/bx/n' instead on input line 392.


LaTeX Font Warning: Font shape `OT4/cmtt/b/n' undefined
(Font)              using `OT4/cmtt/bx/n' instead on input line 394.


LaTeX Font Warning: Font shape `OT4/cmtt/b/n' undefined
(Font)              using `OT4/cmtt/bx/n' instead on input line 394.


LaTeX Font Warning: Font shape `OT4/cmtt/b/n' undefined
(Font)              using `OT4/cmtt/bx/n' instead on input line 394.


LaTeX Font Warning: Font shape `OT4/cmtt/b/n' undefined
(Font)              using `OT4/cmtt/bx/n' instead on input line 394.


Overfull \hbox (69.99051pt too wide) in paragraph at lines 394--394
[][]\OT4/cmtt/m/n/10 if[] [](najwiecej_sprzeda»y[,[][]5[][]][] []==[] []najwiec
ej_zarobiª[,[][]5[][]])\OMS/cmsy/m/n/10 f\OT4/cmtt/m/n/10 ten_sam[][]=[][]c[][]
([][]"ponownie "[][])\OMS/cmsy/m/n/10 g[] []\OT4/cmtt/m/n/10 else[] []\OMS/cmsy
/m/n/10 f\OT4/cmtt/m/n/10 ten_sam[][]=[][]rep[][]([][]""[][],[] []1[][])\OMS/cm
sy/m/n/10 g[][] 
 []


LaTeX Font Warning: Font shape `OT4/cmtt/b/n' undefined
(Font)              using `OT4/cmtt/bx/n' instead on input line 397.


LaTeX Font Warning: Font shape `OT4/cmtt/b/n' undefined
(Font)              using `OT4/cmtt/bx/n' instead on input line 397.


LaTeX Font Warning: Font shape `OT4/cmtt/b/n' undefined
(Font)              using `OT4/cmtt/bx/n' instead on input line 398.


Overfull \hbox (207.48907pt too wide) in paragraph at lines 398--398
[]  []\OT4/cmtt/m/n/10 tekst_sprzeda»1[][]=[][]paste[][]([][]"Osoby, które sprz
edaªy w firmie najwi¦cej pojazdów to "[][],, najwiecej_zarobiª[,[][]1[][]] ,[][
]". Te osoby sprzedaªy"[][])[][] 
 []


LaTeX Font Warning: Font shape `OT4/cmtt/b/n' undefined
(Font)              using `OT4/cmtt/bx/n' instead on input line 399.


LaTeX Font Warning: Font shape `OT4/cmtt/b/n' undefined
(Font)              using `OT4/cmtt/bx/n' instead on input line 399.


Overfull \hbox (196.48929pt too wide) in paragraph at lines 399--399
[]  []\OMS/cmsy/m/n/10 g[] []\OT4/cmtt/m/n/10 else[] []\OMS/cmsy/m/n/10 f \OT4/
cmtt/m/n/10 tekst_sprzeda»1[][]=[] []paste[][]([][]"Osoba, która sprzedaªa w fi
rmie najbardziej warto±ciowe pojazdy to "[][], najwiecej_zarobiª[,[][]1[][]],[]
[] 
 []


LaTeX Font Warning: Font shape `OT4/cmtt/b/n' undefined
(Font)              using `OT4/cmtt/bx/n' instead on input line 400.


LaTeX Font Warning: Font shape `OT4/cmtt/b/n' undefined
(Font)              using `OT4/cmtt/bx/n' instead on input line 400.


LaTeX Font Warning: Font shape `OT4/cmtt/b/n' undefined
(Font)              using `OT4/cmtt/bx/n' instead on input line 400.


LaTeX Font Warning: Font shape `OT4/cmtt/b/n' undefined
(Font)              using `OT4/cmtt/bx/n' instead on input line 400.


Overfull \hbox (469.98679pt too wide) in paragraph at lines 400--400
[][]\OT4/cmtt/m/n/10 ". Ta osoba zarobiªa dla firmy "[][],[] []format[][]([][]r
ound[][](najwiecej_zarobiª[][]$[][]suma,[][]2[][]),[] []nsmall[] []=[] []2[][])
,[] []" zª na sprzeda»y pojazdów, co stanowi "[][],[] []format[][]([][]round[][
](procent_suma_zarobiª,[][]2[][]),[] []nsmall[] []=[] []2[][]),[][] 
 []


LaTeX Font Warning: Font shape `OT4/cmtt/b/n' undefined
(Font)              using `OT4/cmtt/bx/n' instead on input line 401.


LaTeX Font Warning: Font shape `OT4/cmtt/b/n' undefined
(Font)              using `OT4/cmtt/bx/n' instead on input line 401.


LaTeX Font Warning: Font shape `OT4/cmtt/b/n' undefined
(Font)              using `OT4/cmtt/bx/n' instead on input line 401.


LaTeX Font Warning: Font shape `OT4/cmtt/b/n' undefined
(Font)              using `OT4/cmtt/bx/n' instead on input line 401.


Overfull \hbox (1104.23149pt too wide) in paragraph at lines 401--401
[][]\OT4/cmtt/m/n/10 "\OMS/cmsy/m/n/10 nn\OT4/cmtt/m/n/10 % ±redniej kwoty zaro
bionej dla warsztatu przez caªy okres pracy. W porównaniu, zarabiana przez tego
 pracownika kwota za godzin¦ pracy ("[][],[] []format[][]([][]round[][](najwiec
ej_zarobiª[][]$[][]pªaca,[][]2[][]),[] []nsmall[] []=[] []2[][]),[] []" zª) sta
nowi "[][],[] []format[][]([][]round[][](procent_placa_zarobiª,[][]2[][]),[] []
nsmall[] []=[] []2[][]),[] []" \OMS/cmsy/m/n/10 nn\OT4/cmtt/m/n/10 % ±redniej p
ªacy sprzedawcy ("[][],[][] 
 []


LaTeX Font Warning: Font shape `OT4/cmtt/b/n' undefined
(Font)              using `OT4/cmtt/bx/n' instead on input line 402.


LaTeX Font Warning: Font shape `OT4/cmtt/b/n' undefined
(Font)              using `OT4/cmtt/bx/n' instead on input line 402.


LaTeX Font Warning: Font shape `OT4/cmtt/b/n' undefined
(Font)              using `OT4/cmtt/bx/n' instead on input line 403.


LaTeX Font Warning: Font shape `OT4/cmtt/b/n' undefined
(Font)              using `OT4/cmtt/bx/n' instead on input line 403.


LaTeX Font Warning: Font shape `OT4/cmtt/b/n' undefined
(Font)              using `OT4/cmtt/bx/n' instead on input line 404.


LaTeX Font Warning: Font shape `OT4/cmtt/b/n' undefined
(Font)              using `OT4/cmtt/bx/n' instead on input line 404.


LaTeX Font Warning: Font shape `OT4/cmtt/b/n' undefined
(Font)              using `OT4/cmtt/bx/n' instead on input line 404.


Overfull \hbox (1582.97708pt too wide) in paragraph at lines 404--404
[][]\OT4/cmtt/m/n/10 if_else[][](ró»nica_zarobiª[] []<[] []0[]  [],[] []" na ko
rzy±¢ pracownika, czyli warsztat nie musi koniecznie zwi¦ksza¢ stawki godzinowe
j tego sprzedawcy."[][],[] []if_else[][](ró»nica_zarobiª[] []<[] []2[][],[] []"
, czyli warsztat nie musi koniecznie zwi¦ksza¢ stawki godzinowej tego sprzedawc
y, jako »e ró»nica jest niewielka. Mo»na jednak nad tym pomy±le¢, by zach¦ci¢ p
racownika do dalszej pracy i jeszcze lepszych wyników."[][],[] []if_else[][]([]
[] 
 []


Overfull \hbox (1052.7317pt too wide) in paragraph at lines 405--405
[]  []\OT4/cmtt/m/n/10 ró»nica_zarobiª[] []<[] []5[][],[] []", czyli warsztat p
owinien rozwa»y¢ podwy»k¦ dla tego pracownika, by zach¦ci¢ go do dalszej pracy 
i jeszcze lepszych wyników."[][],[] []", czyli warsztat zdecydowanie powinien r
ozwa»y¢ podwy»k¦ dla tego pracownika, by lepiej wyró»ni¢ jego wpªyw na dochody 
firmy."[][]))),[] []sep[][]=[][]""[][])[][] 
 []


LaTeX Font Warning: Font shape `OT4/cmtt/b/n' undefined
(Font)              using `OT4/cmtt/bx/n' instead on input line 408.


LaTeX Font Warning: Font shape `OT4/cmtt/b/n' undefined
(Font)              using `OT4/cmtt/bx/n' instead on input line 408.


LaTeX Font Warning: Font shape `OT4/cmtt/b/n' undefined
(Font)              using `OT4/cmtt/bx/n' instead on input line 409.


Overfull \hbox (212.73903pt too wide) in paragraph at lines 409--409
[]  []\OT4/cmtt/m/n/10 tekst_sprzeda»2[][]=[][]paste[][]([][]"Osoby, które sprz
edaªy w firmie najwi¦cej pojazdów to "[][], najwiecej_sprzeda»y[,[][]1[][]] ,[]
[]". Te osoby sprzedaªy"[][])[][] 
 []


LaTeX Font Warning: Font shape `OT4/cmtt/b/n' undefined
(Font)              using `OT4/cmtt/bx/n' instead on input line 410.


LaTeX Font Warning: Font shape `OT4/cmtt/b/n' undefined
(Font)              using `OT4/cmtt/bx/n' instead on input line 411.


Overfull \hbox (118.23985pt too wide) in paragraph at lines 411--411
[][]\OT4/cmtt/m/n/10 tekst_sprzeda»2[] []=[] []paste[][]([][]"Pracownik, który 
sprzedaª najwi¦cej pojazdów to "[][], ten_sam[[][]1[][]], najwiecej_sprzeda»y[,
[][]1[][]],[][] 
 []


LaTeX Font Warning: Font shape `OT4/cmtt/b/n' undefined
(Font)              using `OT4/cmtt/bx/n' instead on input line 412.


LaTeX Font Warning: Font shape `OT4/cmtt/b/n' undefined
(Font)              using `OT4/cmtt/bx/n' instead on input line 412.


LaTeX Font Warning: Font shape `OT4/cmtt/b/n' undefined
(Font)              using `OT4/cmtt/bx/n' instead on input line 412.


LaTeX Font Warning: Font shape `OT4/cmtt/b/n' undefined
(Font)              using `OT4/cmtt/bx/n' instead on input line 412.


Overfull \hbox (433.2371pt too wide) in paragraph at lines 412--412
[][]\OT4/cmtt/m/n/10 ". Ta osoba sprzedaªa a» "[][],[] []format[][]([][]round[]
[](najwiecej_sprzeda»y[][]$[][]ile_sprzedanych,[][]2[][]),[] []nsmall[] []=[] [
]2[][]),[] []" pojazdów, co stanowi "[][],[] []format[][]([][]round[][](procent
_suma_sprzeda»y,[][]2[][]),[] []nsmall[] []=[] []2[][]),[][] 
 []


LaTeX Font Warning: Font shape `OT4/cmtt/b/n' undefined
(Font)              using `OT4/cmtt/bx/n' instead on input line 413.


LaTeX Font Warning: Font shape `OT4/cmtt/b/n' undefined
(Font)              using `OT4/cmtt/bx/n' instead on input line 413.


LaTeX Font Warning: Font shape `OT4/cmtt/b/n' undefined
(Font)              using `OT4/cmtt/bx/n' instead on input line 413.


LaTeX Font Warning: Font shape `OT4/cmtt/b/n' undefined
(Font)              using `OT4/cmtt/bx/n' instead on input line 413.


Overfull \hbox (1083.23167pt too wide) in paragraph at lines 413--413
[][]\OT4/cmtt/m/n/10 "\OMS/cmsy/m/n/10 nn\OT4/cmtt/m/n/10 % ±rednich sprzeda»y 
przypadaj¡cych na pracownika. Patrz¡c na zarobki pracownika mo»na zauwa»y¢, »e 
zarabia on za godzin¦ pracy ("[][],[] []format[][]([][]round[][](najwiecej_sprz
eda»y[][]$[][]pªaca,[][]2[][]),[] []nsmall[] []=[] []2[][]),[] []" zª), czyli "
[][],[] []format[][]([][]round[][](procent_placa_sprzeda»y,[][]2[][]),[] []nsma
ll[] []=[] []2[][]),[] []" \OMS/cmsy/m/n/10 nn\OT4/cmtt/m/n/10 % ±redniej pªacy
 sprzedawcy ("[][],[][] 
 []


LaTeX Font Warning: Font shape `OT4/cmtt/b/n' undefined
(Font)              using `OT4/cmtt/bx/n' instead on input line 414.


LaTeX Font Warning: Font shape `OT4/cmtt/b/n' undefined
(Font)              using `OT4/cmtt/bx/n' instead on input line 414.


Overfull \hbox (7.99081pt too wide) in paragraph at lines 414--414
[][]\OT4/cmtt/m/n/10 format[][]([][]round[][](±rednia_pªaca,[][]2[][]),[] []nsm
all[] []=[] []2[][]) ,[] []" zª). Mi¦dzy tymi dwoma warto±ciami wynosi "[][],[]
[] 
 []


LaTeX Font Warning: Font shape `OT4/cmtt/b/n' undefined
(Font)              using `OT4/cmtt/bx/n' instead on input line 415.


LaTeX Font Warning: Font shape `OT4/cmtt/b/n' undefined
(Font)              using `OT4/cmtt/bx/n' instead on input line 415.


LaTeX Font Warning: Font shape `OT4/cmtt/b/n' undefined
(Font)              using `OT4/cmtt/bx/n' instead on input line 416.


LaTeX Font Warning: Font shape `OT4/cmtt/b/n' undefined
(Font)              using `OT4/cmtt/bx/n' instead on input line 416.


LaTeX Font Warning: Font shape `OT4/cmtt/b/n' undefined
(Font)              using `OT4/cmtt/bx/n' instead on input line 416.


Overfull \hbox (1346.72914pt too wide) in paragraph at lines 416--416
[][]\OT4/cmtt/m/n/10 if_else[][](ró»nica_sprzeda»[] []<[] []0[]  [],[] []" na k
orzy±¢ pracownika, czyli zwi¦kszenie stawki tego sprzedawcy nie jest niezb¦dne.
"[][],[] []if_else[][](ró»nica_sprzeda»[] []<[] []2[][],[] []", czyli zwi¦kszen
ie stawki tego sprzedawcy nie jest niezb¦dne, z powodu niewielkiej ró»nicy. Dro
bna podwy»ka mogªaby za to pozytywnie wpªyn¡¢ na ilo±¢ sprzeda»y i motywacj¦ pr
acownika,"[][],[] []if_else[][]([][] 
 []


Overfull \hbox (1120.98111pt too wide) in paragraph at lines 417--417
[]  []\OT4/cmtt/m/n/10 ró»nica_sprzeda»[] []<[] []5[][],[] []", wobec czego pod
wy»ka dla tego sprzedawcy powinna zosta¢ rozwa»ona, poniewa» mogªaby pozytywnie
 wpªyn¡¢ na ilo±¢ sprzeda»y i motywacj¦ pracownika"[][],[] []", czyli stawka go
dzinowa pracownika powinna zdecydowanie zosta¢ podniesiona, aby poczuª si¦ wyró
»niony i doceniony."[][]))),[] []sep[][]=[][]""[][])[][] 
 []


LaTeX Font Warning: Font shape `OT4/cmtt/b/n' undefined
(Font)              using `OT4/cmtt/bx/n' instead on input line 420.


LaTeX Font Warning: Font shape `OT4/cmtt/b/n' undefined
(Font)              using `OT4/cmtt/bx/n' instead on input line 420.


LaTeX Font Warning: Font shape `OT4/cmtt/b/n' undefined
(Font)              using `OT4/cmtt/bx/n' instead on input line 420.


Overfull \hbox (111.99014pt too wide) in paragraph at lines 420--420
[][]\OT4/cmtt/m/n/10 if[] [](najwiecej_sprzeda»y[,[][]5[][]][] []==[] []najwiec
ej_zarobiª[,[][]5[][]])\OMS/cmsy/m/n/10 f\OT4/cmtt/m/n/10 tekst_sprzeda»3[][]=[
][]c[][]([][]"ponownie "[][])\OMS/cmsy/m/n/10 g[] []\OT4/cmtt/m/n/10 else[] []\
OMS/cmsy/m/n/10 f\OT4/cmtt/m/n/10 tekst_sprzeda»3[][]=[][]""[][]\OMS/cmsy/m/n/1
0 g[][] 
 []

[8 <./figure/unnamed-chunk-7-1.pdf>]
Underfull \hbox (badness 10000) in paragraph at lines 425--426

 []

[9]

LaTeX Font Warning: Font shape `OT4/cmtt/b/n' undefined
(Font)              using `OT4/cmtt/bx/n' instead on input line 440.


LaTeX Font Warning: Font shape `OT4/cmtt/b/n' undefined
(Font)              using `OT4/cmtt/bx/n' instead on input line 442.


LaTeX Font Warning: Font shape `OT4/cmtt/b/n' undefined
(Font)              using `OT4/cmtt/bx/n' instead on input line 446.


LaTeX Font Warning: Font shape `OT4/cmtt/b/n' undefined
(Font)              using `OT4/cmtt/bx/n' instead on input line 447.


LaTeX Font Warning: Font shape `OT4/cmtt/b/n' undefined
(Font)              using `OT4/cmtt/bx/n' instead on input line 447.


LaTeX Font Warning: Font shape `OT4/cmtt/b/n' undefined
(Font)              using `OT4/cmtt/bx/n' instead on input line 449.


LaTeX Font Warning: Font shape `OT4/cmtt/b/n' undefined
(Font)              using `OT4/cmtt/bx/n' instead on input line 450.


LaTeX Font Warning: Font shape `OT4/cmtt/b/n' undefined
(Font)              using `OT4/cmtt/bx/n' instead on input line 456.


LaTeX Font Warning: Font shape `OT4/cmtt/b/n' undefined
(Font)              using `OT4/cmtt/bx/n' instead on input line 461.


LaTeX Font Warning: Font shape `OT4/cmtt/b/n' undefined
(Font)              using `OT4/cmtt/bx/n' instead on input line 466.


LaTeX Font Warning: Font shape `OT4/cmtt/b/n' undefined
(Font)              using `OT4/cmtt/bx/n' instead on input line 472.


LaTeX Font Warning: Font shape `OT4/cmtt/b/n' undefined
(Font)              using `OT4/cmtt/bx/n' instead on input line 476.


LaTeX Font Warning: Font shape `OT4/cmtt/b/n' undefined
(Font)              using `OT4/cmtt/bx/n' instead on input line 477.


LaTeX Font Warning: Font shape `OT4/cmtt/b/n' undefined
(Font)              using `OT4/cmtt/bx/n' instead on input line 477.


LaTeX Font Warning: Font shape `OT4/cmtt/b/n' undefined
(Font)              using `OT4/cmtt/bx/n' instead on input line 481.


LaTeX Font Warning: Font shape `OT4/cmtt/b/n' undefined
(Font)              using `OT4/cmtt/bx/n' instead on input line 482.


LaTeX Font Warning: Font shape `OT4/cmtt/b/n' undefined
(Font)              using `OT4/cmtt/bx/n' instead on input line 482.


LaTeX Font Warning: Font shape `OT4/cmtt/b/n' undefined
(Font)              using `OT4/cmtt/bx/n' instead on input line 486.


LaTeX Font Warning: Font shape `OT4/cmtt/b/n' undefined
(Font)              using `OT4/cmtt/bx/n' instead on input line 487.


LaTeX Font Warning: Font shape `OT4/cmtt/b/n' undefined
(Font)              using `OT4/cmtt/bx/n' instead on input line 493.


LaTeX Font Warning: Font shape `OT4/cmtt/b/n' undefined
(Font)              using `OT4/cmtt/bx/n' instead on input line 499.


LaTeX Font Warning: Font shape `OT4/cmtt/b/n' undefined
(Font)              using `OT4/cmtt/bx/n' instead on input line 499.


LaTeX Font Warning: Font shape `OT4/cmtt/b/n' undefined
(Font)              using `OT4/cmtt/bx/n' instead on input line 505.


LaTeX Font Warning: Font shape `OT4/cmtt/b/n' undefined
(Font)              using `OT4/cmtt/bx/n' instead on input line 505.


LaTeX Font Warning: Font shape `OT4/cmtt/b/n' undefined
(Font)              using `OT4/cmtt/bx/n' instead on input line 511.


LaTeX Font Warning: Font shape `OT4/cmtt/b/n' undefined
(Font)              using `OT4/cmtt/bx/n' instead on input line 511.


LaTeX Font Warning: Font shape `OT4/cmtt/b/n' undefined
(Font)              using `OT4/cmtt/bx/n' instead on input line 512.


LaTeX Font Warning: Font shape `OT4/cmtt/b/n' undefined
(Font)              using `OT4/cmtt/bx/n' instead on input line 513.


LaTeX Font Warning: Font shape `OT4/cmtt/b/n' undefined
(Font)              using `OT4/cmtt/bx/n' instead on input line 514.


LaTeX Font Warning: Font shape `OT4/cmtt/b/n' undefined
(Font)              using `OT4/cmtt/bx/n' instead on input line 519.

[10]

LaTeX Font Warning: Font shape `OT4/cmtt/b/n' undefined
(Font)              using `OT4/cmtt/bx/n' instead on input line 529.

[11] (./raport_m.aux)
Package rerunfilecheck Info: File `raport_m.out' has not changed.
(rerunfilecheck)             Checksum: 3DBA29875FA52F5F45F6D9A84180783C;1633.
 ) 
Here is how much of TeX's memory you used:
 10322 strings out of 478994
 159315 string characters out of 5853154
 491471 words of memory out of 5000000
 27611 multiletter control sequences out of 15000+600000
 418699 words of font info for 35 fonts, out of 8000000 for 9000
 1141 hyphenation exceptions out of 8191
 71i,5n,75p,638b,463s stack positions out of 5000i,500n,10000p,200000b,80000s
{d:/Technologie/Latex/texlive/2021/texmf-dist/fonts/enc/dvips/pl/plitt.enc}{d
:/Technologie/Latex/texlive/2021/texmf-dist/fonts/enc/dvips/cm-super/cm-super-t
s1.enc}{d:/Technologie/Latex/texlive/2021/texmf-dist/fonts/enc/dvips/tex-gyre/q
-rm.enc}{d:/Technologie/Latex/texlive/2021/texmf-dist/fonts/enc/dvips/pl/pltt.e
nc}<d:/Technologie/Latex/texlive/2021/texmf-dist/fonts/type1/public/amsfonts/cm
/cmsy10.pfb><d:/Technologie/Latex/texlive/2021/texmf-dist/fonts/type1/public/pl
/plitt10.pfb><d:/Technologie/Latex/texlive/2021/texmf-dist/fonts/type1/public/p
l/pltt10.pfb><d:/Technologie/Latex/texlive/2021/texmf-dist/fonts/type1/public/t
ex-gyre/qplb.pfb><d:/Technologie/Latex/texlive/2021/texmf-dist/fonts/type1/publ
ic/tex-gyre/qplr.pfb><d:/Technologie/Latex/texlive/2021/texmf-dist/fonts/type1/
public/cm-super/sftt1000.pfb>
Output written on raport_m.pdf (11 pages, 188582 bytes).
PDF statistics:
 135 PDF objects out of 1000 (max. 8388607)
 108 compressed objects within 2 object streams
 19 named destinations out of 1000 (max. 500000)
 72 words of extra memory for PDF output out of 10000 (max. 10000000)

